<?xml version="1.0" encoding="UTF-8"?>
<!-- Generated by org.testng.reporters.JUnitReportReporter -->
<testsuite hostname="DESKTOP-9NF9LA5" failures="0" tests="3" name="testngpac.TestNGdependsonmethod" time="0.000" errors="0" timestamp="2023-01-05T12:01:31 IST" skipped="3">
  <testcase classname="testngpac.TestNGdependsonmethod" name="method3" time="0.000">
    <skipped/>
  </testcase> <!-- method3 -->
  <system-out/>
  <testcase classname="testngpac.TestNGdependsonmethod" name="method2" time="0.000">
    <skipped/>
  </testcase> <!-- method2 -->
  <system-out/>
  <testcase classname="testngpac.TestNGdependsonmethod" name="method1" time="0.000">
    <skipped/>
  </testcase> <!-- method1 -->
  <system-out/>
</testsuite> <!-- testngpac.TestNGdependsonmethod -->
