<?xml version="1.0" encoding="UTF-8"?>
<!-- Generated by org.testng.reporters.JUnitReportReporter -->
<testsuite hostname="DESKTOP-9NF9LA5" failures="0" tests="1" name="advancedfeatures.dropdown" time="0.014" errors="0" timestamp="2023-01-05T22:56:53 IST" skipped="0">
  <testcase classname="advancedfeatures.dropdown" name="f" time="0.014"/>
  <system-out/>
</testsuite> <!-- advancedfeatures.dropdown -->
