<?xml version="1.0" encoding="UTF-8"?>
<!-- Generated by org.testng.reporters.JUnitReportReporter -->
<testsuite hostname="DESKTOP-9NF9LA5" failures="0" tests="3" name="testngpac.TestNGclass2" time="0.000" errors="0" timestamp="2023-01-05T12:01:31 IST" skipped="3">
  <testcase classname="testngpac.TestNGclass2" name="searchTestNG" time="0.000">
    <skipped/>
  </testcase> <!-- searchTestNG -->
  <system-out/>
  <testcase classname="testngpac.TestNGclass2" name="searchselenium" time="0.000">
    <skipped/>
  </testcase> <!-- searchselenium -->
  <system-out/>
  <testcase classname="testngpac.TestNGclass2" name="searchfacebook" time="0.000">
    <skipped/>
  </testcase> <!-- searchfacebook -->
  <system-out/>
</testsuite> <!-- testngpac.TestNGclass2 -->
