<?xml version="1.0" encoding="UTF-8"?>
<!-- Generated by org.testng.reporters.JUnitReportReporter -->
<testsuite hostname="DESKTOP-9NF9LA5" failures="0" tests="2" name="testngpac.NewTestGNlocatorxml" time="22.018" errors="0" timestamp="2023-01-03T18:23:12 IST" skipped="0">
  <testcase classname="testngpac.NewTestGNlocatorxml" name="signin" time="7.798"/>
  <system-out/>
  <testcase classname="testngpac.NewTestGNlocatorxml" name="home" time="14.220"/>
  <system-out/>
</testsuite> <!-- testngpac.NewTestGNlocatorxml -->
