<?xml version="1.0" encoding="UTF-8"?>
<!-- Generated by org.testng.reporters.JUnitReportReporter -->
<testsuite hostname="DESKTOP-9NF9LA5" failures="0" tests="5" name="testngpac.testngdemo" time="0.000" errors="0" timestamp="2023-01-05T12:01:31 IST" skipped="5">
  <testcase classname="testngpac.testngdemo" name="facebook" time="0.000">
    <skipped/>
  </testcase> <!-- facebook -->
  <system-out/>
  <testcase classname="testngpac.testngdemo" name="gmail" time="0.000">
    <skipped/>
  </testcase> <!-- gmail -->
  <system-out/>
  <testcase classname="testngpac.testngdemo" name="flipkart" time="0.000">
    <skipped/>
  </testcase> <!-- flipkart -->
  <system-out/>
  <testcase classname="testngpac.testngdemo" name="google" time="0.000">
    <skipped/>
  </testcase> <!-- google -->
  <system-out/>
  <testcase classname="testngpac.testngdemo" name="amazon">
    <skipped/>
  </testcase> <!-- amazon -->
  <system-out/>
</testsuite> <!-- testngpac.testngdemo -->
